

============================== 2024-06-06 15:50:55.769576 | 64e3df95-f5ef-4e93-a770-e33f49aaa103 ==============================
[0m15:50:55.769576 [info ] [MainThread]: Running with dbt=1.4.9
[0m15:50:55.769576 [debug] [MainThread]: running dbt with arguments {'write_json': True, 'use_colors': True, 'printer_width': 80, 'version_check': True, 'partial_parse': True, 'static_parser': True, 'profiles_dir': 'C:\\Users\\alteryxb\\.dbt', 'send_anonymous_usage_stats': True, 'quiet': False, 'no_print': False, 'cache_selected_only': False, 'skip_profile_setup': False, 'which': 'init', 'indirect_selection': 'eager'}
[0m15:50:55.769576 [debug] [MainThread]: Tracking: tracking
[0m15:50:55.791855 [debug] [MainThread]: Sending event: {'category': 'dbt', 'action': 'invocation', 'label': 'start', 'context': [<snowplow_tracker.self_describing_json.SelfDescribingJson object at 0x000001E41F489C10>, <snowplow_tracker.self_describing_json.SelfDescribingJson object at 0x000001E42036D750>, <snowplow_tracker.self_describing_json.SelfDescribingJson object at 0x000001E4202AC7D0>]}
[0m15:51:25.183131 [debug] [MainThread]: Starter project path: c:\Users\alteryxb\PythonScripts\DBT\venv\Lib\site-packages\dbt\include\starter_project
[0m15:51:41.886082 [info ] [MainThread]: No sample profile found for sqlserver.
[0m15:51:41.888083 [info ] [MainThread]: 
Your new dbt project "DigitalData" was created!

For more information on how to configure the profiles.yml file,
please consult the dbt documentation here:

  https://docs.getdbt.com/docs/configure-your-profile

One more thing:

Need help? Don't hesitate to reach out to us via GitHub issues or on Slack:

  https://community.getdbt.com/

Happy modeling!

[0m15:51:41.891124 [debug] [MainThread]: Sending event: {'category': 'dbt', 'action': 'invocation', 'label': 'end', 'context': [<snowplow_tracker.self_describing_json.SelfDescribingJson object at 0x000001E41F9A8950>, <snowplow_tracker.self_describing_json.SelfDescribingJson object at 0x000001E41F9AB8D0>, <snowplow_tracker.self_describing_json.SelfDescribingJson object at 0x000001E41F9ABCD0>]}
[0m15:51:41.891124 [debug] [MainThread]: Flushing usage events


============================== 2024-06-06 15:52:21.735707 | d3842591-e1b7-49a5-ab07-00c32c1f78c8 ==============================
[0m15:52:21.735707 [info ] [MainThread]: Running with dbt=1.4.9
[0m15:52:21.735707 [debug] [MainThread]: running dbt with arguments {'write_json': True, 'use_colors': True, 'printer_width': 80, 'version_check': True, 'partial_parse': True, 'static_parser': True, 'profiles_dir': 'C:\\Users\\alteryxb\\.dbt', 'send_anonymous_usage_stats': True, 'quiet': False, 'no_print': False, 'cache_selected_only': False, 'config_dir': False, 'which': 'debug', 'indirect_selection': 'eager'}
[0m15:52:21.735707 [debug] [MainThread]: Tracking: tracking
[0m15:52:21.759989 [debug] [MainThread]: Sending event: {'category': 'dbt', 'action': 'invocation', 'label': 'start', 'context': [<snowplow_tracker.self_describing_json.SelfDescribingJson object at 0x00000220B346EA10>, <snowplow_tracker.self_describing_json.SelfDescribingJson object at 0x00000220B31C0110>, <snowplow_tracker.self_describing_json.SelfDescribingJson object at 0x00000220B341C9D0>]}
[0m15:52:22.033830 [debug] [MainThread]: Executing "git --help"
[0m15:52:22.118291 [debug] [MainThread]: STDOUT: "b"usage: git [-v | --version] [-h | --help] [-C <path>] [-c <name>=<value>]\n           [--exec-path[=<path>]] [--html-path] [--man-path] [--info-path]\n           [-p | --paginate | -P | --no-pager] [--no-replace-objects] [--bare]\n           [--git-dir=<path>] [--work-tree=<path>] [--namespace=<name>]\n           [--config-env=<name>=<envvar>] <command> [<args>]\n\nThese are common Git commands used in various situations:\n\nstart a working area (see also: git help tutorial)\n   clone     Clone a repository into a new directory\n   init      Create an empty Git repository or reinitialize an existing one\n\nwork on the current change (see also: git help everyday)\n   add       Add file contents to the index\n   mv        Move or rename a file, a directory, or a symlink\n   restore   Restore working tree files\n   rm        Remove files from the working tree and from the index\n\nexamine the history and state (see also: git help revisions)\n   bisect    Use binary search to find the commit that introduced a bug\n   diff      Show changes between commits, commit and working tree, etc\n   grep      Print lines matching a pattern\n   log       Show commit logs\n   show      Show various types of objects\n   status    Show the working tree status\n\ngrow, mark and tweak your common history\n   branch    List, create, or delete branches\n   commit    Record changes to the repository\n   merge     Join two or more development histories together\n   rebase    Reapply commits on top of another base tip\n   reset     Reset current HEAD to the specified state\n   switch    Switch branches\n   tag       Create, list, delete or verify a tag object signed with GPG\n\ncollaborate (see also: git help workflows)\n   fetch     Download objects and refs from another repository\n   pull      Fetch from and integrate with another repository or a local branch\n   push      Update remote refs along with associated objects\n\n'git help -a' and 'git help -g' list available subcommands and some\nconcept guides. See 'git help <command>' or 'git help <concept>'\nto read about a specific subcommand or concept.\nSee 'git help git' for an overview of the system.\n""
[0m15:52:22.119337 [debug] [MainThread]: STDERR: "b''"
[0m15:52:22.125387 [debug] [MainThread]: Acquiring new sqlserver connection 'debug'
[0m15:52:22.126229 [debug] [MainThread]: SQLServer adapter: Using sqlserver connection "debug".
[0m15:52:22.126229 [debug] [MainThread]: SQLServer adapter: On debug: select 1 as id
[0m15:52:22.130720 [debug] [MainThread]: Opening a new connection, currently in state init
[0m15:52:22.131611 [debug] [MainThread]: SQLServer adapter: Using connection string: DRIVER={ODBC Driver 17 for SQL Server};SERVER=10.10.110.92,8050,8050;Database=GoogleSheets;trusted_connection=Yes;encrypt=Yes;TrustServerCertificate=Yes;Application Name=dbt-sqlserver/1.4.0
[0m15:52:22.256779 [debug] [MainThread]: SQLServer adapter: Connected to db: GoogleSheets
[0m15:52:22.259714 [debug] [MainThread]: SQLServer adapter: SQL status: OK in 0.13 seconds
[0m15:52:22.260766 [debug] [MainThread]: On debug: Close
[0m15:52:22.262715 [debug] [MainThread]: Sending event: {'category': 'dbt', 'action': 'invocation', 'label': 'end', 'context': [<snowplow_tracker.self_describing_json.SelfDescribingJson object at 0x00000220B2CC1890>, <snowplow_tracker.self_describing_json.SelfDescribingJson object at 0x00000220B31C0410>, <snowplow_tracker.self_describing_json.SelfDescribingJson object at 0x00000220B3A61850>]}
[0m15:52:22.263713 [debug] [MainThread]: Flushing usage events
[0m15:52:22.312177 [debug] [MainThread]: Connection 'debug' was properly closed.


============================== 2024-06-06 15:53:50.949420 | 9b411c27-d861-4495-a250-7097195b5e24 ==============================
[0m15:53:50.949420 [info ] [MainThread]: Running with dbt=1.4.9
[0m15:53:50.953017 [debug] [MainThread]: running dbt with arguments {'write_json': True, 'use_colors': True, 'printer_width': 80, 'version_check': True, 'partial_parse': True, 'static_parser': True, 'profiles_dir': 'C:\\Users\\alteryxb\\.dbt', 'send_anonymous_usage_stats': True, 'quiet': False, 'no_print': False, 'cache_selected_only': False, 'config_dir': False, 'which': 'debug', 'indirect_selection': 'eager'}
[0m15:53:50.953616 [debug] [MainThread]: Tracking: tracking
[0m15:53:50.968757 [debug] [MainThread]: Sending event: {'category': 'dbt', 'action': 'invocation', 'label': 'start', 'context': [<snowplow_tracker.self_describing_json.SelfDescribingJson object at 0x00000252842B6890>, <snowplow_tracker.self_describing_json.SelfDescribingJson object at 0x0000025284390AD0>, <snowplow_tracker.self_describing_json.SelfDescribingJson object at 0x0000025283DBE9D0>]}
[0m15:53:51.221342 [debug] [MainThread]: Executing "git --help"
[0m15:53:51.307606 [debug] [MainThread]: STDOUT: "b"usage: git [-v | --version] [-h | --help] [-C <path>] [-c <name>=<value>]\n           [--exec-path[=<path>]] [--html-path] [--man-path] [--info-path]\n           [-p | --paginate | -P | --no-pager] [--no-replace-objects] [--bare]\n           [--git-dir=<path>] [--work-tree=<path>] [--namespace=<name>]\n           [--config-env=<name>=<envvar>] <command> [<args>]\n\nThese are common Git commands used in various situations:\n\nstart a working area (see also: git help tutorial)\n   clone     Clone a repository into a new directory\n   init      Create an empty Git repository or reinitialize an existing one\n\nwork on the current change (see also: git help everyday)\n   add       Add file contents to the index\n   mv        Move or rename a file, a directory, or a symlink\n   restore   Restore working tree files\n   rm        Remove files from the working tree and from the index\n\nexamine the history and state (see also: git help revisions)\n   bisect    Use binary search to find the commit that introduced a bug\n   diff      Show changes between commits, commit and working tree, etc\n   grep      Print lines matching a pattern\n   log       Show commit logs\n   show      Show various types of objects\n   status    Show the working tree status\n\ngrow, mark and tweak your common history\n   branch    List, create, or delete branches\n   commit    Record changes to the repository\n   merge     Join two or more development histories together\n   rebase    Reapply commits on top of another base tip\n   reset     Reset current HEAD to the specified state\n   switch    Switch branches\n   tag       Create, list, delete or verify a tag object signed with GPG\n\ncollaborate (see also: git help workflows)\n   fetch     Download objects and refs from another repository\n   pull      Fetch from and integrate with another repository or a local branch\n   push      Update remote refs along with associated objects\n\n'git help -a' and 'git help -g' list available subcommands and some\nconcept guides. See 'git help <command>' or 'git help <concept>'\nto read about a specific subcommand or concept.\nSee 'git help git' for an overview of the system.\n""
[0m15:53:51.308617 [debug] [MainThread]: STDERR: "b''"
[0m15:53:51.312559 [debug] [MainThread]: Acquiring new sqlserver connection 'debug'
[0m15:53:51.312559 [debug] [MainThread]: SQLServer adapter: Using sqlserver connection "debug".
[0m15:53:51.316597 [debug] [MainThread]: SQLServer adapter: On debug: select 1 as id
[0m15:53:51.317623 [debug] [MainThread]: Opening a new connection, currently in state init
[0m15:53:51.319596 [debug] [MainThread]: SQLServer adapter: Using connection string: DRIVER={ODBC Driver 17 for SQL Server};SERVER=10.10.110.92,8050,8050;Database=GoogleSheets;trusted_connection=Yes;encrypt=Yes;TrustServerCertificate=Yes;Application Name=dbt-sqlserver/1.4.0
[0m15:53:51.397785 [debug] [MainThread]: SQLServer adapter: Connected to db: GoogleSheets
[0m15:53:51.399754 [debug] [MainThread]: SQLServer adapter: SQL status: OK in 0.08 seconds
[0m15:53:51.401749 [debug] [MainThread]: On debug: Close
[0m15:53:51.403750 [debug] [MainThread]: Sending event: {'category': 'dbt', 'action': 'invocation', 'label': 'end', 'context': [<snowplow_tracker.self_describing_json.SelfDescribingJson object at 0x0000025284E32C90>, <snowplow_tracker.self_describing_json.SelfDescribingJson object at 0x000002528429D3D0>, <snowplow_tracker.self_describing_json.SelfDescribingJson object at 0x000002528429D5D0>]}
[0m15:53:51.404793 [debug] [MainThread]: Flushing usage events
[0m15:53:51.488777 [debug] [MainThread]: Connection 'debug' was properly closed.
[0m12:40:41.083789 [debug] [MainThread]: Sending event: {'category': 'dbt', 'action': 'invocation', 'label': 'start', 'context': [<snowplow_tracker.self_describing_json.SelfDescribingJson object at 0x000001CE1C97F210>, <snowplow_tracker.self_describing_json.SelfDescribingJson object at 0x000001CE1C92D8D0>, <snowplow_tracker.self_describing_json.SelfDescribingJson object at 0x000001CE1C92C790>]}


============================== 12:40:41.099342 | 3df94233-66d9-43d8-ac0e-af1ec093a7c3 ==============================
[0m12:40:41.099342 [info ] [MainThread]: Running with dbt=1.7.16
[0m12:40:41.099342 [debug] [MainThread]: running dbt with arguments {'printer_width': '80', 'indirect_selection': 'eager', 'write_json': 'True', 'log_cache_events': 'False', 'partial_parse': 'True', 'cache_selected_only': 'False', 'profiles_dir': 'C:\\Users\\alteryxb\\.dbt', 'version_check': 'True', 'warn_error': 'None', 'log_path': 'logs', 'debug': 'False', 'fail_fast': 'False', 'use_colors': 'True', 'use_experimental_parser': 'False', 'no_print': 'None', 'quiet': 'False', 'log_format': 'default', 'introspect': 'True', 'warn_error_options': 'WarnErrorOptions(include=[], exclude=[])', 'static_parser': 'True', 'target_path': 'None', 'invocation_command': 'dbt run', 'send_anonymous_usage_stats': 'True'}
[0m12:40:41.099342 [error] [MainThread]: Encountered an error:
Runtime Error
  No dbt_project.yml found at expected path C:\Users\alteryxb\PythonScripts\DBT\dbt_project.yml
  Verify that each entry within packages.yml (and their transitive dependencies) contains a file named dbt_project.yml
  
[0m12:40:41.099342 [debug] [MainThread]: Command `dbt run` failed at 12:40:41.099342 after 0.12 seconds
[0m12:40:41.099342 [debug] [MainThread]: Sending event: {'category': 'dbt', 'action': 'invocation', 'label': 'end', 'context': [<snowplow_tracker.self_describing_json.SelfDescribingJson object at 0x000001CE1C935ED0>, <snowplow_tracker.self_describing_json.SelfDescribingJson object at 0x000001CE1C937910>, <snowplow_tracker.self_describing_json.SelfDescribingJson object at 0x000001CE1721DA50>]}
[0m12:40:41.099342 [debug] [MainThread]: Flushing usage events
[0m14:55:52.373160 [debug] [MainThread]: Sending event: {'category': 'dbt', 'action': 'invocation', 'label': 'start', 'context': [<snowplow_tracker.self_describing_json.SelfDescribingJson object at 0x000002AA0243F890>, <snowplow_tracker.self_describing_json.SelfDescribingJson object at 0x000002AA0243FE50>, <snowplow_tracker.self_describing_json.SelfDescribingJson object at 0x000002AA0247F910>]}


============================== 14:55:52.388771 | e47d69f4-5e5c-4799-98b9-d0c5a57a98a4 ==============================
[0m14:55:52.388771 [info ] [MainThread]: Running with dbt=1.7.16
[0m14:55:52.388771 [debug] [MainThread]: running dbt with arguments {'printer_width': '80', 'indirect_selection': 'eager', 'write_json': 'True', 'log_cache_events': 'False', 'partial_parse': 'True', 'cache_selected_only': 'False', 'profiles_dir': 'C:\\Users\\alteryxb\\.dbt', 'fail_fast': 'False', 'debug': 'False', 'log_path': 'logs', 'warn_error': 'None', 'version_check': 'True', 'use_colors': 'True', 'use_experimental_parser': 'False', 'no_print': 'None', 'quiet': 'False', 'log_format': 'default', 'invocation_command': 'dbt deps', 'static_parser': 'True', 'warn_error_options': 'WarnErrorOptions(include=[], exclude=[])', 'target_path': 'None', 'introspect': 'True', 'send_anonymous_usage_stats': 'True'}
[0m14:55:52.388771 [error] [MainThread]: Encountered an error:
Runtime Error
  No dbt_project.yml found at expected path C:\Users\alteryxb\PythonScripts\DBT\dbt_project.yml
  Verify that each entry within packages.yml (and their transitive dependencies) contains a file named dbt_project.yml
  
[0m14:55:52.388771 [debug] [MainThread]: Command `dbt deps` failed at 14:55:52.388771 after 0.12 seconds
[0m14:55:52.388771 [debug] [MainThread]: Sending event: {'category': 'dbt', 'action': 'invocation', 'label': 'end', 'context': [<snowplow_tracker.self_describing_json.SelfDescribingJson object at 0x000002AA0204F590>, <snowplow_tracker.self_describing_json.SelfDescribingJson object at 0x000002AA01E7EA10>, <snowplow_tracker.self_describing_json.SelfDescribingJson object at 0x000002A9FC85D9D0>]}
[0m14:55:52.388771 [debug] [MainThread]: Flushing usage events
[0m17:18:24.113021 [debug] [MainThread]: Sending event: {'category': 'dbt', 'action': 'invocation', 'label': 'start', 'context': [<snowplow_tracker.self_describing_json.SelfDescribingJson object at 0x0000026ADBD41450>, <snowplow_tracker.self_describing_json.SelfDescribingJson object at 0x0000026ADBA0E190>, <snowplow_tracker.self_describing_json.SelfDescribingJson object at 0x0000026ADBD86C90>]}


============================== 17:18:24.113021 | 53c56012-6eab-4bce-978f-634311b2c74f ==============================
[0m17:18:24.113021 [info ] [MainThread]: Running with dbt=1.7.16
[0m17:18:24.113021 [debug] [MainThread]: running dbt with arguments {'printer_width': '80', 'indirect_selection': 'eager', 'log_cache_events': 'False', 'write_json': 'True', 'partial_parse': 'True', 'cache_selected_only': 'False', 'warn_error': 'None', 'debug': 'False', 'fail_fast': 'False', 'log_path': 'logs', 'version_check': 'True', 'profiles_dir': 'C:\\Users\\alteryxb\\.dbt', 'use_colors': 'True', 'use_experimental_parser': 'False', 'no_print': 'None', 'quiet': 'False', 'warn_error_options': 'WarnErrorOptions(include=[], exclude=[])', 'invocation_command': 'dbt run', 'log_format': 'default', 'introspect': 'True', 'target_path': 'None', 'static_parser': 'True', 'send_anonymous_usage_stats': 'True'}
[0m17:18:24.113021 [error] [MainThread]: Encountered an error:
Runtime Error
  No dbt_project.yml found at expected path C:\Users\alteryxb\PythonScripts\DBT\dbt_project.yml
  Verify that each entry within packages.yml (and their transitive dependencies) contains a file named dbt_project.yml
  
[0m17:18:24.128604 [debug] [MainThread]: Command `dbt run` failed at 17:18:24.113021 after 0.12 seconds
[0m17:18:24.128604 [debug] [MainThread]: Sending event: {'category': 'dbt', 'action': 'invocation', 'label': 'end', 'context': [<snowplow_tracker.self_describing_json.SelfDescribingJson object at 0x0000026ADBD87010>, <snowplow_tracker.self_describing_json.SelfDescribingJson object at 0x0000026ADB77E690>, <snowplow_tracker.self_describing_json.SelfDescribingJson object at 0x0000026ADBD30490>]}
[0m17:18:24.130378 [debug] [MainThread]: Flushing usage events
